{"/Users/aaronbeach/Desktop/workspace/7in7/PaperRockScissor/babel.config.js": {"data":{"path":"/Users/aaronbeach/Desktop/workspace/7in7/PaperRockScissor/babel.config.js","statementMap":{"0":{"start":{"line":1,"column":0},"end":{"line":3,"column":2}}},"fnMap":{},"branchMap":{},"s":{"0":0},"f":{},"b":{}}}
,"/Users/aaronbeach/Desktop/workspace/7in7/PaperRockScissor/src/main.js": {"data":{"path":"/Users/aaronbeach/Desktop/workspace/7in7/PaperRockScissor/src/main.js","statementMap":{"0":{"start":{"line":5,"column":0},"end":{"line":5,"column":33}},"1":{"start":{"line":7,"column":0},"end":{"line":10,"column":18}},"2":{"start":{"line":9,"column":15},"end":{"line":9,"column":21}}},"fnMap":{"0":{"name":"(anonymous_0)","decl":{"start":{"line":9,"column":10},"end":{"line":9,"column":11}},"loc":{"start":{"line":9,"column":15},"end":{"line":9,"column":21}},"line":9}},"branchMap":{},"s":{"0":0,"1":0,"2":0},"f":{"0":0},"b":{}}}
,"/Users/aaronbeach/Desktop/workspace/7in7/PaperRockScissor/src/router/index.js": {"data":{"path":"/Users/aaronbeach/Desktop/workspace/7in7/PaperRockScissor/src/router/index.js","statementMap":{"0":{"start":{"line":5,"column":0},"end":{"line":5,"column":19}},"1":{"start":{"line":7,"column":15},"end":{"line":22,"column":1}},"2":{"start":{"line":20,"column":6},"end":{"line":20,"column":66}},"3":{"start":{"line":24,"column":15},"end":{"line":28,"column":2}}},"fnMap":{"0":{"name":"(anonymous_0)","decl":{"start":{"line":19,"column":15},"end":{"line":19,"column":16}},"loc":{"start":{"line":20,"column":6},"end":{"line":20,"column":66}},"line":20}},"branchMap":{},"s":{"0":0,"1":0,"2":0,"3":0},"f":{"0":0},"b":{}}}
}
